<?xml version="1.0" encoding="UTF-8" ?>
<testsuite failures="0" time="0.006" errors="0" skipped="0" tests="4" name="cn.org.rapid_framework.generator.GeneratorPropertiesTest">
  <properties>
    <property name="java.runtime.name" value="Java(TM) SE Runtime Environment"/>
    <property name="sun.boot.library.path" value="/usr/alibaba/java/jre/lib/i386"/>
    <property name="java.vm.version" value="20.4-b02"/>
    <property name="java.vm.vendor" value="Sun Microsystems Inc."/>
    <property name="java.vendor.url" value="http://java.sun.com/"/>
    <property name="path.separator" value=":"/>
    <property name="java.vm.name" value="Java HotSpot(TM) Server VM"/>
    <property name="file.encoding.pkg" value="sun.io"/>
    <property name="user.country" value="CN"/>
    <property name="sun.java.launcher" value="SUN_STANDARD"/>
    <property name="sun.os.patch.level" value="unknown"/>
    <property name="java.vm.specification.name" value="Java Virtual Machine Specification"/>
    <property name="user.dir" value="/media/work/opensource/tool/rapid-framework/git/rapid/rapid-generator/rapid-generator"/>
    <property name="java.runtime.version" value="1.6.0_29-b11"/>
    <property name="java.awt.graphicsenv" value="sun.awt.X11GraphicsEnvironment"/>
    <property name="basedir" value="/media/work/opensource/tool/rapid-framework/git/rapid/rapid-generator/rapid-generator"/>
    <property name="java.endorsed.dirs" value="/usr/alibaba/java/jre/lib/endorsed"/>
    <property name="os.arch" value="i386"/>
    <property name="surefire.real.class.path" value="/tmp/surefirebooter830897909618978310.jar"/>
    <property name="java.io.tmpdir" value="/tmp"/>
    <property name="line.separator" value="
"/>
    <property name="java.vm.specification.vendor" value="Sun Microsystems Inc."/>
    <property name="os.name" value="Linux"/>
    <property name="sun.jnu.encoding" value="UTF-8"/>
    <property name="java.library.path" value="/usr/alibaba/java/jre/lib/i386/server:/usr/alibaba/java/jre/lib/i386:/usr/alibaba/java/jre/../lib/i386:/usr/alibaba/java/jre/lib/i386/client:/usr/alibaba/java/jre/lib/i386::/usr/java/packages/lib/i386:/lib:/usr/lib"/>
    <property name="surefire.test.class.path" value="/media/work/opensource/tool/rapid-framework/git/rapid/rapid-generator/rapid-generator/target/test-classes:/media/work/opensource/tool/rapid-framework/git/rapid/rapid-generator/rapid-generator/target/classes:/media/work/opensource/tool/rapid-framework/git/rapid/rapid-generator/rapid-generator-template/target/rapid-generator-template-4.0.6-SNAPSHOT.jar:/media/life/Downloads/.m2/repository/com/h2database/h2/1.2.135/h2-1.2.135.jar:/media/life/Downloads/.m2/repository/mysql/mysql-connector-java/5.1.13/mysql-connector-java-5.1.13.jar:/media/life/Downloads/.m2/repository/org/freemarker/freemarker/2.3.16/freemarker-2.3.16.jar:/media/life/Downloads/.m2/repository/junit/junit/4.8.1/junit-4.8.1.jar:/media/life/Downloads/.m2/repository/org/hsqldb/hsqldb/1.8.0.10/hsqldb-1.8.0.10.jar:/media/life/Downloads/.m2/repository/org/jmock/jmock/2.5.1/jmock-2.5.1.jar:/media/life/Downloads/.m2/repository/org/hamcrest/hamcrest-core/1.1/hamcrest-core-1.1.jar:/media/life/Downloads/.m2/repository/org/hamcrest/hamcrest-library/1.1/hamcrest-library-1.1.jar:/media/life/Downloads/.m2/repository/org/jmock/jmock-junit4/2.5.1/jmock-junit4-2.5.1.jar:/media/life/Downloads/.m2/repository/junit/junit-dep/4.4/junit-dep-4.4.jar:/media/life/Downloads/.m2/repository/org/jmock/jmock-legacy/2.5.1/jmock-legacy-2.5.1.jar:/media/life/Downloads/.m2/repository/org/objenesis/objenesis/1.0/objenesis-1.0.jar:/media/life/Downloads/.m2/repository/cglib/cglib-nodep/2.1_3/cglib-nodep-2.1_3.jar:"/>
    <property name="java.specification.name" value="Java Platform API Specification"/>
    <property name="java.class.version" value="50.0"/>
    <property name="sun.management.compiler" value="HotSpot Tiered Compilers"/>
    <property name="os.version" value="2.6.38-8-generic"/>
    <property name="user.home" value="/root"/>
    <property name="user.timezone" value="Asia/Shanghai"/>
    <property name="java.awt.printerjob" value="sun.print.PSPrinterJob"/>
    <property name="file.encoding" value="UTF-8"/>
    <property name="java.specification.version" value="1.6"/>
    <property name="user.name" value="root"/>
    <property name="java.class.path" value="/media/work/opensource/tool/rapid-framework/git/rapid/rapid-generator/rapid-generator/target/test-classes:/media/work/opensource/tool/rapid-framework/git/rapid/rapid-generator/rapid-generator/target/classes:/media/work/opensource/tool/rapid-framework/git/rapid/rapid-generator/rapid-generator-template/target/rapid-generator-template-4.0.6-SNAPSHOT.jar:/media/life/Downloads/.m2/repository/com/h2database/h2/1.2.135/h2-1.2.135.jar:/media/life/Downloads/.m2/repository/mysql/mysql-connector-java/5.1.13/mysql-connector-java-5.1.13.jar:/media/life/Downloads/.m2/repository/org/freemarker/freemarker/2.3.16/freemarker-2.3.16.jar:/media/life/Downloads/.m2/repository/junit/junit/4.8.1/junit-4.8.1.jar:/media/life/Downloads/.m2/repository/org/hsqldb/hsqldb/1.8.0.10/hsqldb-1.8.0.10.jar:/media/life/Downloads/.m2/repository/org/jmock/jmock/2.5.1/jmock-2.5.1.jar:/media/life/Downloads/.m2/repository/org/hamcrest/hamcrest-core/1.1/hamcrest-core-1.1.jar:/media/life/Downloads/.m2/repository/org/hamcrest/hamcrest-library/1.1/hamcrest-library-1.1.jar:/media/life/Downloads/.m2/repository/org/jmock/jmock-junit4/2.5.1/jmock-junit4-2.5.1.jar:/media/life/Downloads/.m2/repository/junit/junit-dep/4.4/junit-dep-4.4.jar:/media/life/Downloads/.m2/repository/org/jmock/jmock-legacy/2.5.1/jmock-legacy-2.5.1.jar:/media/life/Downloads/.m2/repository/org/objenesis/objenesis/1.0/objenesis-1.0.jar:/media/life/Downloads/.m2/repository/cglib/cglib-nodep/2.1_3/cglib-nodep-2.1_3.jar:"/>
    <property name="java.vm.specification.version" value="1.0"/>
    <property name="sun.arch.data.model" value="32"/>
    <property name="java.home" value="/usr/alibaba/java/jre"/>
    <property name="sun.java.command" value="/tmp/surefirebooter830897909618978310.jar /tmp/surefire4746375674659516060tmp /tmp/surefire1839108492115987725tmp"/>
    <property name="java.specification.vendor" value="Sun Microsystems Inc."/>
    <property name="user.language" value="zh"/>
    <property name="java.vm.info" value="mixed mode"/>
    <property name="java.version" value="1.6.0_29"/>
    <property name="java.ext.dirs" value="/usr/alibaba/java/jre/lib/ext:/usr/java/packages/lib/ext"/>
    <property name="sun.boot.class.path" value="/usr/alibaba/java/jre/lib/resources.jar:/usr/alibaba/java/jre/lib/rt.jar:/usr/alibaba/java/jre/lib/sunrsasign.jar:/usr/alibaba/java/jre/lib/jsse.jar:/usr/alibaba/java/jre/lib/jce.jar:/usr/alibaba/java/jre/lib/charsets.jar:/usr/alibaba/java/jre/lib/modules/jdk.boot.jar:/usr/alibaba/java/jre/classes"/>
    <property name="java.vendor" value="Sun Microsystems Inc."/>
    <property name="localRepository" value="/media/life/Downloads/.m2/repository"/>
    <property name="file.separator" value="/"/>
    <property name="java.vendor.url.bug" value="http://java.sun.com/cgi-bin/bugreport.cgi"/>
    <property name="sun.cpu.endian" value="little"/>
    <property name="sun.io.unicode.encoding" value="UnicodeLittle"/>
    <property name="sun.desktop" value="gnome"/>
    <property name="sun.cpu.isalist" value=""/>
  </properties>
  <testcase time="0" classname="cn.org.rapid_framework.generator.GeneratorPropertiesTest" name="testgetNullIfBlankProperty"/>
  <testcase time="0" classname="cn.org.rapid_framework.generator.GeneratorPropertiesTest" name="testgetRequiredProperty"/>
  <testcase time="0.001" classname="cn.org.rapid_framework.generator.GeneratorPropertiesTest" name="test_GeneratorConstants"/>
  <testcase time="0.001" classname="cn.org.rapid_framework.generator.GeneratorPropertiesTest" name="testResolveProperties"/>
</testsuite>